
 OPENING modfo.ba6
 FILE TYPE:BAS6   UNIT    5   STATUS:OLD    
 FORMAT:FORMATTED              ACCESS:SEQUENTIAL          

 OPENING modfo.bc6
 FILE TYPE:BCF6   UNIT   11   STATUS:OLD    
 FORMAT:FORMATTED              ACCESS:SEQUENTIAL          

 OPENING modfo.pcg
 FILE TYPE:PCG   UNIT   19   STATUS:OLD    
 FORMAT:FORMATTED              ACCESS:SEQUENTIAL          

 OPENING modfo.oc
 FILE TYPE:OC   UNIT   22   STATUS:OLD    
 FORMAT:FORMATTED              ACCESS:SEQUENTIAL          

 OPENING modfo.dis
 FILE TYPE:DIS   UNIT   30   STATUS:OLD    
 FORMAT:FORMATTED              ACCESS:SEQUENTIAL          

 OPENING modfo.lmt
 FILE TYPE:LMT6   UNIT   66   STATUS:OLD    
 FORMAT:FORMATTED              ACCESS:SEQUENTIAL          


 DISCRETIZATION INPUT DATA READ FROM UNIT   30
    1 LAYERS        41 ROWS        81 COLUMNS
    1 STRESS PERIOD(S) IN SIMULATION
 MODEL TIME UNIT IS UNDEFINED
 MODEL LENGTH UNIT IS UNDEFINED
 THE GROUND-WATER TRANSPORT PROCESS IS INACTIVE

 THE OBSERVATION PROCESS IS INACTIVE
 THE SENSITIVITY PROCESS IS INACTIVE
 THE PARAMETER-ESTIMATION PROCESS IS INACTIVE

 MODE: FORWARD

  Confining bed flag for each layer:
   0

      30011  ELEMENTS OF GX ARRAY USED OUT OF      30011
       3321  ELEMENTS OF GZ ARRAY USED OUT OF       3321
       3321  ELEMENTS OF IG ARRAY USED OUT OF       3321



                               DELR
 READING ON UNIT   30 WITH FORMAT: (10F10.6)           
  0.25544      0.25544      0.25544      0.25544      0.25544      0.25544      0.25544      0.25544      0.25544      0.25544    
  0.25544      0.25544      0.25544      0.25544      0.25544      0.24880      0.24880      0.24880      0.24880      0.24880    
  0.24880      0.24880      0.24880      0.24880      0.24880      0.24880      0.24880      0.24880      0.24880      0.24880    
  0.24880      0.24880      0.24880      0.24880      0.24880      0.24880      0.24880      0.24880      0.24880      0.24880    
  0.24880      0.24880      0.24880      0.24880      0.24880      0.24880      0.24880      0.24880      0.24880      0.24880    
  0.24880      0.24880      0.24880      0.24880      0.24880      0.24880      0.24880      0.24880      0.24880      0.24880    
  0.24880      0.24880      0.24880      0.24880      0.24880      0.24880      0.24880      0.24880      0.24880      0.24880    
  0.24880      0.24880      0.24880      0.24880      0.24880      0.24880      0.24880      0.24880      0.24880      0.24880    
  0.24880    



                               DELC
 READING ON UNIT   30 WITH FORMAT: (10F10.6)           
  0.26463      0.26463      0.26463      0.26463      0.26463      0.26463      0.26463      0.26463      0.26463      0.26463    
  0.26463      0.26463      0.26463      0.26463      0.26463      0.26463      0.26463      0.26463      0.23862      0.23862    
  0.23862      0.23862      0.23862      0.23862      0.23862      0.23862      0.23862      0.23862      0.23862      0.23862    
  0.23862      0.23862      0.23862      0.23862      0.23862      0.23862      0.23862      0.23862      0.23862      0.23862    
  0.23862    

 TOP ELEVATION OF LAYER 1 =   1.00000    

   MODEL LAYER BOTTOM EL. =   0.00000     FOR LAYER   1


 STRESS PERIOD     LENGTH       TIME STEPS     MULTIPLIER FOR DELT    SS FLAG
 ----------------------------------------------------------------------------
        1         16.00000          3                    2.000         SS

 STEADY-STATE SIMULATION




 PCG2 -- CONJUGATE GRADIENT SOLUTION PACKAGE, VERSION 2.4, 12/29/98
 MAXIMUM OF     30 CALLS OF SOLUTION ROUTINE
 MAXIMUM OF   5000 INTERNAL ITERATIONS PER CALL TO SOLUTION ROUTINE
 MATRIX PRECONDITIONING TYPE :    1
     306642 ELEMENTS IN X ARRAY ARE USED BY PCG
    1050000 ELEMENTS IN IX ARRAY ARE USED BY PCG
      13284 ELEMENTS IN Z ARRAY ARE USED BY PCG

     306642  ELEMENTS OF X ARRAY USED OUT OF     306642
      13284  ELEMENTS OF Z ARRAY USED OUT OF      13284
    1050000  ELEMENTS OF IX ARRAY USED OUT OF    1050000
          0  ELEMENTS OF XHS ARRAY USED OUT OF          1



                                    SOLUTION BY THE CONJUGATE-GRADIENT METHOD
                                   -------------------------------------------
                    MAXIMUM NUMBER OF CALLS TO PCG ROUTINE =       30
                        MAXIMUM ITERATIONS PER CALL TO PCG =     5000
                               MATRIX PRECONDITIONING TYPE =        1
        RELAXATION FACTOR (ONLY USED WITH PRECOND. TYPE 1) =    0.10000E+01
 PARAMETER OF POLYNOMIAL PRECOND. = 2 (2) OR IS CALCULATED :        0
                         HEAD CHANGE CRITERION FOR CLOSURE =    0.10000E-07
                     RESIDUAL CHANGE CRITERION FOR CLOSURE =    0.10000E-01
            PCG HEAD AND RESIDUAL CHANGE PRINTOUT INTERVAL =        2
     PRINTING FROM SOLVER IS LIMITED(1) OR SUPPRESSED (>1) =        0
                                         DAMPING PARAMETER =    0.10000E+01
 
 #3D klme flow simulation                                                        
 #Two constant-head boundaries, flow from left to right                          
    1 LAYERS        41 ROWS        81 COLUMNS
    1 STRESS PERIOD(S) IN SIMULATION

 BAS6 -- BASIC PACKAGE, VERSION 6, 1/11/2000 INPUT READ FROM UNIT    5
          5 ELEMENTS IN IR ARRAY ARE USED BY BAS

 BCF6 -- BLOCK-CENTERED FLOW PACKAGE, VERSION 6, 1/11/2000
         INPUT READ FROM UNIT 11
 STEADY-STATE SIMULATION
 HEAD AT CELLS THAT CONVERT TO DRY=   0.0000    
 WETTING CAPABILITY IS NOT ACTIVE
      LAYER  LAYER-TYPE CODE     INTERBLOCK T
      --------------------------------------------
         1            0          0 -- HARMONIC    
       3322 ELEMENTS IN RX ARRAY ARE USED BY BCF

       3322  ELEMENTS OF RX ARRAY USED OUT OF       3322
          0  ELEMENTS OF RZ ARRAY USED OUT OF          1
          5  ELEMENTS OF IR ARRAY USED OUT OF          5
1
 #3D klme flow simulation                                                        
 #Two constant-head boundaries, flow from left to right                          

 OPENING FILE ON UNIT   99:
 IBOUND01.DAT                                                                                                                                                                                            



                     BOUNDARY ARRAY FOR LAYER   1
 READING ON UNIT   99 WITH FORMAT: (81I2)              

 AQUIFER HEAD WILL BE SET TO  999.99     AT ALL NO-FLOW NODES (IBOUND=0).

 OPENING FILE ON UNIT   99:
 INITIAL01.DAT                                                                                                                                                                                           



                       INITIAL HEAD FOR LAYER   1
 READING ON UNIT   99 WITH FORMAT: (FREE)              

 OUTPUT CONTROL IS SPECIFIED ONLY AT TIME STEPS FOR WHICH OUTPUT IS DESIRED
 HEAD PRINT FORMAT CODE IS  15    DRAWDOWN PRINT FORMAT CODE IS   0
 HEADS WILL BE SAVED ON UNIT    0    DRAWDOWNS WILL BE SAVED ON UNIT    0

 COLUMN TO ROW ANISOTROPY =   1.00000    

 OPENING FILE ON UNIT   99:
 Cond_01.dat                                                                                                                                                                                             



               TRANSMIS. ALONG ROWS FOR LAYER   1
 READING ON UNIT   99 WITH FORMAT: (81F10.4)           

                            INITIAL TIME STEP SIZE =   2.285714    
 
 SOLVING FOR HEAD 


     2 CALLS TO PCG ROUTINE FOR TIME STEP   1 IN STRESS PERIOD    1
    46 TOTAL ITERATIONS

 OUTPUT CONTROL FOR STRESS PERIOD    1   TIME STEP   1
    PRINT HEAD FOR ALL LAYERS


 ***Link-MT3DMS Package***
 OPENING LINK-MT3DMS OUTPUT FILE: modfo.ftl                                                                                                                                                                                               
 ON UNIT NUMBER:   333
 FILE TYPE: FORMATTED  
 HEADER OPTION: STANDARD
 ***Link-MT3DMS Package***


 SAVING SATURATED THICKNESS AND FLOW TERMS ON UNIT  333 FOR MT3DMS
 BY THE LINK-MT3DMS PACKAGE V6.3 AT TIME STEP    1, STRESS PERIOD    1

1
              HEAD IN LAYER   1 AT END OF TIME STEP   1 IN STRESS PERIOD    1
  ---------------------------------------------------------------------------

          1      2      3      4      5      6      7      8      9     10
         11     12     13     14     15     16     17     18     19     20
         21     22     23     24     25     26     27     28     29     30
         31     32     33     34     35     36     37     38     39     40
         41     42     43     44     45     46     47     48     49     50
         51     52     53     54     55     56     57     58     59     60
         61     62     63     64     65     66     67     68     69     70
         71     72     73     74     75     76     77     78     79     80
         81
 .........................................................................
   1   12.00  11.97  11.95  11.93  11.91  11.89  11.87  11.86  11.84  11.83
       11.82  11.80  11.79  11.78  11.77  11.76  11.75  11.74  11.72  11.71
       11.70  11.69  11.67  11.65  11.64  11.62  11.61  11.59  11.58  11.56
       11.55  11.54  11.53  11.52  11.51  11.50  11.48  11.47  11.46  11.44
       11.43  11.42  11.40  11.39  11.38  11.37  11.36  11.35  11.34  11.33
       11.31  11.30  11.29  11.27  11.26  11.25  11.23  11.22  11.21  11.19
       11.18  11.16  11.15  11.14  11.13  11.12  11.11  11.11  11.10  11.09
       11.08  11.07  11.06  11.05  11.05  11.04  11.04  11.03  11.02  11.01
       11.00
   2   12.00  11.97  11.95  11.93  11.91  11.89  11.87  11.86  11.84  11.83
       11.82  11.80  11.79  11.78  11.77  11.76  11.75  11.74  11.72  11.71
       11.70  11.69  11.67  11.65  11.64  11.62  11.61  11.59  11.58  11.56
       11.55  11.54  11.53  11.52  11.51  11.50  11.48  11.47  11.46  11.44
       11.43  11.42  11.40  11.39  11.38  11.37  11.36  11.35  11.34  11.33
       11.31  11.30  11.29  11.27  11.26  11.25  11.23  11.22  11.21  11.19
       11.18  11.16  11.15  11.14  11.13  11.12  11.11  11.11  11.10  11.09
       11.08  11.07  11.06  11.05  11.05  11.04  11.04  11.03  11.02  11.01
       11.00
   3   12.00  11.97  11.95  11.93  11.91  11.89  11.87  11.86  11.84  11.83
       11.82  11.80  11.79  11.78  11.77  11.76  11.75  11.74  11.72  11.71
       11.70  11.69  11.67  11.65  11.64  11.62  11.61  11.59  11.58  11.57
       11.55  11.54  11.53  11.52  11.51  11.50  11.48  11.47  11.46  11.44
       11.43  11.42  11.40  11.39  11.38  11.37  11.36  11.35  11.34  11.33
       11.31  11.30  11.29  11.27  11.26  11.25  11.23  11.22  11.21  11.19
       11.18  11.16  11.15  11.14  11.13  11.12  11.11  11.11  11.10  11.09
       11.08  11.07  11.06  11.05  11.05  11.04  11.04  11.03  11.02  11.01
       11.00
   4   12.00  11.97  11.95  11.93  11.91  11.89  11.88  11.86  11.85  11.83
       11.82  11.81  11.79  11.78  11.77  11.76  11.75  11.74  11.73  11.71
       11.70  11.69  11.67  11.65  11.64  11.62  11.61  11.59  11.58  11.57
       11.55  11.54  11.53  11.52  11.51  11.50  11.48  11.47  11.46  11.45
       11.43  11.42  11.40  11.39  11.38  11.37  11.36  11.35  11.34  11.33
       11.31  11.30  11.29  11.27  11.26  11.25  11.23  11.22  11.21  11.19
       11.18  11.16  11.15  11.14  11.13  11.12  11.11  11.11  11.10  11.09
       11.08  11.07  11.06  11.05  11.05  11.04  11.04  11.03  11.02  11.01
       11.00
   5   12.00  11.97  11.95  11.93  11.91  11.89  11.88  11.86  11.85  11.83
       11.82  11.81  11.79  11.78  11.77  11.76  11.75  11.74  11.73  11.71
       11.70  11.69  11.67  11.65  11.64  11.62  11.61  11.59  11.58  11.57
       11.55  11.54  11.53  11.52  11.51  11.50  11.48  11.47  11.46  11.45
       11.43  11.42  11.40  11.39  11.38  11.37  11.36  11.35  11.34  11.33
       11.31  11.30  11.28  11.27  11.26  11.25  11.23  11.22  11.21  11.19
       11.18  11.16  11.15  11.14  11.13  11.12  11.11  11.11  11.10  11.09
       11.08  11.07  11.06  11.05  11.05  11.04  11.04  11.03  11.02  11.01
       11.00
   6   12.00  11.97  11.95  11.93  11.91  11.89  11.88  11.86  11.85  11.83
       11.82  11.81  11.80  11.78  11.77  11.76  11.75  11.74  11.73  11.72
       11.70  11.69  11.67  11.65  11.64  11.62  11.61  11.59  11.58  11.57
       11.55  11.54  11.53  11.52  11.51  11.50  11.48  11.47  11.46  11.45
       11.43  11.42  11.40  11.39  11.38  11.37  11.36  11.35  11.34  11.33
       11.31  11.30  11.28  11.27  11.26  11.25  11.23  11.22  11.21  11.19
       11.18  11.16  11.15  11.14  11.13  11.12  11.11  11.11  11.10  11.09
       11.08  11.07  11.06  11.05  11.05  11.04  11.04  11.03  11.02  11.01
       11.00
   7   12.00  11.97  11.95  11.93  11.91  11.89  11.88  11.86  11.85  11.83
       11.82  11.81  11.80  11.79  11.78  11.76  11.75  11.74  11.73  11.72
       11.70  11.69  11.67  11.66  11.64  11.62  11.61  11.59  11.58  11.57
       11.56  11.55  11.54  11.52  11.51  11.50  11.48  11.47  11.46  11.45
       11.43  11.42  11.40  11.39  11.38  11.37  11.36  11.35  11.34  11.33
       11.31  11.30  11.28  11.27  11.26  11.24  11.23  11.22  11.21  11.19
       11.18  11.16  11.15  11.14  11.13  11.12  11.11  11.11  11.10  11.09
       11.08  11.07  11.06  11.05  11.05  11.04  11.04  11.03  11.02  11.01
       11.00
   8   12.00  11.97  11.95  11.93  11.91  11.89  11.88  11.86  11.85  11.83
       11.82  11.81  11.80  11.79  11.78  11.77  11.75  11.74  11.73  11.72
       11.71  11.69  11.67  11.66  11.64  11.62  11.61  11.59  11.58  11.57
       11.56  11.55  11.54  11.52  11.51  11.50  11.48  11.47  11.46  11.45
       11.43  11.42  11.40  11.39  11.38  11.37  11.36  11.35  11.34  11.33
       11.31  11.30  11.28  11.27  11.26  11.24  11.23  11.22  11.21  11.19
       11.18  11.16  11.15  11.14  11.13  11.12  11.11  11.11  11.10  11.09
       11.08  11.07  11.06  11.05  11.05  11.04  11.04  11.03  11.02  11.01
       11.00
   9   12.00  11.97  11.95  11.93  11.91  11.89  11.88  11.86  11.85  11.84
       11.82  11.81  11.80  11.79  11.78  11.77  11.76  11.74  11.73  11.72
       11.71  11.69  11.68  11.66  11.64  11.62  11.61  11.59  11.58  11.57
       11.56  11.55  11.54  11.52  11.51  11.50  11.48  11.47  11.46  11.45
       11.43  11.42  11.41  11.39  11.38  11.38  11.36  11.35  11.34  11.33
       11.31  11.30  11.28  11.27  11.26  11.24  11.23  11.22  11.21  11.19
       11.18  11.16  11.15  11.14  11.13  11.12  11.11  11.11  11.10  11.09
       11.08  11.07  11.06  11.05  11.05  11.04  11.04  11.03  11.02  11.01
       11.00
  10   12.00  11.97  11.95  11.93  11.91  11.90  11.88  11.87  11.85  11.84
       11.82  11.81  11.80  11.79  11.78  11.77  11.76  11.74  11.73  11.72
       11.71  11.69  11.68  11.66  11.64  11.62  11.61  11.59  11.58  11.57
       11.56  11.55  11.54  11.53  11.51  11.50  11.49  11.47  11.46  11.45
       11.43  11.42  11.41  11.39  11.38  11.38  11.36  11.35  11.34  11.33
       11.31  11.30  11.28  11.27  11.26  11.24  11.23  11.22  11.21  11.19
       11.17  11.16  11.15  11.14  11.13  11.12  11.11  11.11  11.10  11.09
       11.08  11.07  11.06  11.05  11.05  11.04  11.04  11.03  11.02  11.01
       11.00
  11   12.00  11.97  11.95  11.93  11.91  11.90  11.88  11.87  11.85  11.84
       11.83  11.81  11.80  11.79  11.78  11.77  11.76  11.75  11.73  11.72
       11.71  11.69  11.68  11.66  11.64  11.62  11.61  11.60  11.58  11.57
       11.56  11.55  11.54  11.53  11.51  11.50  11.49  11.47  11.46  11.45
       11.43  11.42  11.41  11.39  11.38  11.38  11.36  11.35  11.34  11.33
       11.31  11.30  11.28  11.27  11.26  11.24  11.23  11.22  11.21  11.19
       11.17  11.16  11.15  11.14  11.13  11.12  11.11  11.11  11.10  11.09
       11.08  11.07  11.06  11.05  11.05  11.04  11.04  11.03  11.02  11.01
       11.00
  12   12.00  11.98  11.95  11.93  11.91  11.90  11.88  11.87  11.85  11.84
       11.83  11.81  11.80  11.79  11.78  11.77  11.76  11.75  11.74  11.72
       11.71  11.70  11.68  11.66  11.64  11.63  11.61  11.60  11.58  11.57
       11.56  11.55  11.54  11.53  11.51  11.50  11.48  11.47  11.46  11.45
       11.43  11.42  11.40  11.39  11.38  11.37  11.36  11.35  11.34  11.33
       11.31  11.30  11.28  11.27  11.26  11.24  11.23  11.22  11.21  11.19
       11.17  11.16  11.15  11.14  11.13  11.12  11.11  11.11  11.10  11.09
       11.08  11.07  11.06  11.05  11.05  11.04  11.04  11.03  11.02  11.01
       11.00
  13   12.00  11.98  11.95  11.93  11.91  11.90  11.88  11.87  11.86  11.84
       11.83  11.82  11.81  11.80  11.79  11.77  11.76  11.75  11.74  11.73
       11.71  11.70  11.68  11.66  11.64  11.63  11.61  11.60  11.58  11.57
       11.56  11.55  11.54  11.53  11.51  11.50  11.48  11.47  11.46  11.45
       11.43  11.42  11.40  11.39  11.38  11.37  11.36  11.35  11.34  11.33
       11.31  11.30  11.28  11.27  11.25  11.24  11.23  11.22  11.21  11.19
       11.17  11.16  11.15  11.14  11.13  11.12  11.11  11.11  11.10  11.09
       11.08  11.07  11.06  11.05  11.05  11.04  11.04  11.03  11.02  11.01
       11.00
  14   12.00  11.98  11.95  11.93  11.92  11.90  11.88  11.87  11.86  11.84
       11.83  11.82  11.81  11.80  11.79  11.78  11.77  11.75  11.74  11.73
       11.72  11.70  11.68  11.66  11.64  11.63  11.61  11.60  11.58  11.57
       11.56  11.55  11.54  11.53  11.51  11.50  11.48  11.47  11.46  11.45
       11.43  11.42  11.40  11.39  11.38  11.37  11.36  11.35  11.34  11.32
       11.31  11.30  11.28  11.27  11.25  11.24  11.23  11.22  11.21  11.19
       11.17  11.16  11.15  11.14  11.13  11.12  11.11  11.11  11.10  11.09
       11.08  11.07  11.06  11.05  11.05  11.04  11.04  11.03  11.02  11.01
       11.00
  15   12.00  11.98  11.95  11.93  11.92  11.90  11.89  11.87  11.86  11.85
       11.83  11.82  11.81  11.80  11.79  11.78  11.77  11.76  11.74  11.73
       11.72  11.70  11.68  11.66  11.65  11.63  11.61  11.60  11.58  11.57
       11.56  11.55  11.54  11.53  11.51  11.50  11.48  11.47  11.46  11.45
       11.43  11.42  11.40  11.39  11.38  11.37  11.36  11.35  11.34  11.32
       11.31  11.30  11.28  11.27  11.25  11.24  11.23  11.22  11.21  11.19
       11.18  11.16  11.15  11.14  11.13  11.12  11.11  11.11  11.10  11.09
       11.08  11.07  11.06  11.05  11.05  11.04  11.04  11.03  11.02  11.01
       11.00
  16   12.00  11.98  11.95  11.93  11.92  11.90  11.89  11.87  11.86  11.85
       11.83  11.82  11.81  11.80  11.79  11.78  11.77  11.76  11.75  11.73
       11.72  11.70  11.69  11.67  11.65  11.63  11.61  11.60  11.58  11.57
       11.56  11.55  11.54  11.52  11.51  11.50  11.48  11.47  11.46  11.44
       11.43  11.42  11.40  11.39  11.38  11.37  11.36  11.35  11.34  11.32
       11.31  11.30  11.28  11.27  11.25  11.24  11.23  11.22  11.21  11.19
       11.18  11.16  11.15  11.14  11.13  11.12  11.11  11.11  11.10  11.09
       11.08  11.07  11.06  11.05  11.05  11.04  11.04  11.03  11.02  11.01
       11.00
  17   12.00  11.98  11.95  11.94  11.92  11.90  11.89  11.87  11.86  11.85
       11.84  11.82  11.81  11.80  11.79  11.78  11.77  11.76  11.75  11.73
       11.72  11.71  11.69  11.67  11.65  11.63  11.61  11.60  11.58  11.57
       11.56  11.55  11.54  11.52  11.51  11.50  11.48  11.47  11.46  11.44
       11.43  11.42  11.40  11.39  11.38  11.37  11.36  11.35  11.34  11.32
       11.31  11.30  11.28  11.27  11.26  11.24  11.23  11.22  11.21  11.19
       11.18  11.16  11.15  11.14  11.13  11.12  11.11  11.11  11.10  11.09
       11.08  11.07  11.06  11.05  11.05  11.04  11.04  11.03  11.02  11.01
       11.00
  18   12.00  11.98  11.95  11.94  11.92  11.90  11.89  11.88  11.86  11.85
       11.84  11.83  11.82  11.81  11.80  11.79  11.77  11.76  11.75  11.74
       11.72  11.71  11.69  11.67  11.65  11.63  11.61  11.60  11.58  11.57
       11.56  11.55  11.54  11.52  11.51  11.49  11.48  11.47  11.46  11.44
       11.43  11.41  11.40  11.39  11.38  11.37  11.36  11.35  11.34  11.32
       11.31  11.30  11.28  11.27  11.26  11.24  11.23  11.22  11.21  11.19
       11.18  11.16  11.15  11.14  11.13  11.12  11.11  11.11  11.10  11.09
       11.08  11.07  11.06  11.05  11.05  11.04  11.04  11.03  11.02  11.01
       11.00
  19   12.00  11.98  11.96  11.94  11.92  11.90  11.89  11.88  11.86  11.85
       11.84  11.83  11.82  11.81  11.80  11.79  11.78  11.76  11.75  11.74
       11.73  11.71  11.69  11.67  11.65  11.63  11.61  11.60  11.58  11.57
       11.56  11.55  11.53  11.52  11.51  11.49  11.48  11.47  11.45  11.44
       11.43  11.41  11.40  11.39  11.38  11.37  11.36  11.35  11.34  11.32
       11.31  11.30  11.28  11.27  11.26  11.24  11.23  11.22  11.21  11.19
       11.18  11.16  11.15  11.14  11.13  11.12  11.11  11.11  11.10  11.09
       11.08  11.07  11.06  11.06  11.05  11.04  11.04  11.03  11.02  11.01
       11.00
  20   12.00  11.98  11.96  11.94  11.92  11.90  11.89  11.88  11.86  11.85
       11.84  11.83  11.82  11.81  11.80  11.79  11.78  11.77  11.75  11.74
       11.73  11.71  11.69  11.67  11.65  11.63  11.61  11.60  11.58  11.57
       11.56  11.54  11.53  11.52  11.51  11.49  11.48  11.46  11.45  11.44
       11.43  11.41  11.40  11.39  11.38  11.37  11.36  11.35  11.34  11.32
       11.31  11.30  11.28  11.27  11.26  11.24  11.23  11.22  11.21  11.19
       11.18  11.16  11.15  11.14  11.13  11.12  11.11  11.11  11.10  11.09
       11.08  11.07  11.06  11.06  11.05  11.04  11.04  11.03  11.02  11.01
       11.00
  21   12.00  11.98  11.96  11.94  11.92  11.91  11.89  11.88  11.87  11.85
       11.84  11.83  11.82  11.81  11.80  11.79  11.78  11.77  11.75  11.74
       11.73  11.71  11.69  11.67  11.65  11.63  11.61  11.60  11.58  11.57
       11.55  11.54  11.53  11.52  11.51  11.49  11.48  11.46  11.45  11.44
       11.42  11.41  11.40  11.39  11.38  11.37  11.36  11.35  11.34  11.32
       11.31  11.29  11.28  11.27  11.25  11.24  11.23  11.22  11.21  11.19
       11.18  11.16  11.15  11.14  11.13  11.12  11.11  11.11  11.10  11.09
       11.08  11.07  11.06  11.06  11.05  11.04  11.04  11.03  11.02  11.01
       11.00
  22   12.00  11.98  11.96  11.94  11.92  11.91  11.89  11.88  11.87  11.85
       11.84  11.83  11.82  11.81  11.80  11.79  11.78  11.77  11.76  11.74
       11.73  11.71  11.69  11.67  11.65  11.63  11.61  11.60  11.58  11.57
       11.55  11.54  11.53  11.52  11.50  11.49  11.47  11.46  11.45  11.44
       11.42  11.41  11.40  11.39  11.38  11.37  11.36  11.35  11.34  11.32
       11.31  11.29  11.28  11.27  11.25  11.24  11.23  11.22  11.21  11.19
       11.18  11.16  11.15  11.14  11.13  11.12  11.12  11.11  11.10  11.09
       11.08  11.07  11.06  11.06  11.05  11.04  11.04  11.03  11.02  11.01
       11.00
  23   12.00  11.98  11.96  11.94  11.92  11.91  11.89  11.88  11.87  11.85
       11.84  11.83  11.82  11.81  11.80  11.79  11.78  11.77  11.76  11.74
       11.73  11.71  11.69  11.67  11.65  11.63  11.61  11.60  11.58  11.57
       11.55  11.54  11.53  11.52  11.50  11.49  11.47  11.46  11.45  11.44
       11.42  11.41  11.40  11.39  11.38  11.37  11.36  11.35  11.34  11.32
       11.31  11.29  11.28  11.27  11.25  11.24  11.23  11.22  11.21  11.19
       11.18  11.16  11.15  11.14  11.13  11.12  11.12  11.11  11.10  11.09
       11.08  11.07  11.06  11.06  11.05  11.05  11.04  11.03  11.02  11.01
       11.00
  24   12.00  11.98  11.96  11.94  11.92  11.91  11.89  11.88  11.87  11.85
       11.84  11.83  11.82  11.81  11.80  11.79  11.78  11.77  11.76  11.75
       11.73  11.71  11.69  11.67  11.65  11.63  11.61  11.60  11.58  11.56
       11.55  11.54  11.53  11.52  11.50  11.49  11.47  11.46  11.45  11.43
       11.42  11.41  11.40  11.39  11.38  11.37  11.36  11.35  11.34  11.32
       11.31  11.29  11.28  11.27  11.25  11.24  11.23  11.22  11.21  11.19
       11.18  11.16  11.15  11.14  11.13  11.12  11.12  11.11  11.10  11.09
       11.08  11.07  11.06  11.06  11.05  11.05  11.04  11.03  11.02  11.01
       11.00
  25   12.00  11.98  11.96  11.94  11.92  11.91  11.89  11.88  11.87  11.86
       11.84  11.83  11.82  11.81  11.80  11.79  11.78  11.77  11.76  11.75
       11.73  11.71  11.69  11.67  11.65  11.63  11.61  11.60  11.58  11.56
       11.55  11.54  11.53  11.51  11.50  11.48  11.47  11.46  11.45  11.43
       11.42  11.41  11.40  11.39  11.38  11.37  11.36  11.35  11.34  11.32
       11.31  11.29  11.28  11.26  11.25  11.24  11.23  11.22  11.21  11.19
       11.18  11.16  11.15  11.14  11.13  11.12  11.12  11.11  11.10  11.09
       11.08  11.07  11.06  11.06  11.05  11.05  11.04  11.03  11.02  11.01
       11.00
  26   12.00  11.98  11.96  11.94  11.92  11.91  11.89  11.88  11.87  11.86
       11.84  11.83  11.82  11.82  11.81  11.80  11.78  11.77  11.76  11.75
       11.73  11.72  11.69  11.67  11.65  11.63  11.61  11.59  11.58  11.56
       11.55  11.54  11.53  11.51  11.50  11.48  11.47  11.46  11.44  11.43
       11.42  11.41  11.40  11.39  11.38  11.37  11.36  11.35  11.33  11.32
       11.31  11.29  11.28  11.26  11.25  11.24  11.23  11.22  11.20  11.19
       11.18  11.16  11.15  11.14  11.13  11.12  11.12  11.11  11.10  11.09
       11.08  11.07  11.07  11.06  11.05  11.05  11.04  11.03  11.02  11.01
       11.00
  27   12.00  11.98  11.96  11.94  11.92  11.91  11.89  11.88  11.87  11.86
       11.85  11.83  11.83  11.82  11.81  11.80  11.79  11.77  11.76  11.75
       11.73  11.72  11.69  11.67  11.65  11.63  11.61  11.59  11.58  11.56
       11.55  11.54  11.53  11.51  11.50  11.48  11.47  11.46  11.44  11.43
       11.42  11.41  11.40  11.39  11.38  11.37  11.36  11.35  11.33  11.32
       11.31  11.29  11.28  11.26  11.25  11.24  11.23  11.22  11.20  11.19
       11.18  11.16  11.15  11.14  11.13  11.12  11.12  11.11  11.10  11.09
       11.09  11.08  11.07  11.06  11.05  11.05  11.04  11.03  11.02  11.01
       11.00
  28   12.00  11.98  11.96  11.94  11.92  11.91  11.90  11.88  11.87  11.86
       11.85  11.84  11.83  11.82  11.81  11.80  11.79  11.77  11.76  11.75
       11.73  11.72  11.69  11.67  11.65  11.63  11.61  11.59  11.58  11.56
       11.55  11.54  11.52  11.51  11.50  11.48  11.47  11.46  11.44  11.43
       11.42  11.41  11.40  11.39  11.38  11.37  11.36  11.35  11.33  11.32
       11.30  11.29  11.27  11.26  11.25  11.24  11.23  11.22  11.20  11.19
       11.17  11.16  11.15  11.14  11.13  11.12  11.12  11.11  11.10  11.10
       11.09  11.08  11.07  11.06  11.05  11.05  11.04  11.03  11.02  11.01
       11.00
  29   12.00  11.98  11.96  11.94  11.92  11.91  11.90  11.88  11.87  11.86
       11.85  11.84  11.83  11.82  11.81  11.80  11.79  11.78  11.76  11.75
       11.73  11.72  11.70  11.67  11.65  11.63  11.61  11.59  11.58  11.56
       11.55  11.54  11.52  11.51  11.50  11.48  11.47  11.45  11.44  11.43
       11.42  11.41  11.39  11.39  11.38  11.37  11.36  11.35  11.33  11.32
       11.30  11.29  11.27  11.26  11.25  11.24  11.22  11.21  11.20  11.19
       11.17  11.16  11.15  11.14  11.13  11.13  11.12  11.11  11.10  11.10
       11.09  11.08  11.07  11.06  11.06  11.05  11.04  11.03  11.02  11.01
       11.00
  30   12.00  11.98  11.96  11.94  11.92  11.91  11.90  11.88  11.87  11.86
       11.85  11.84  11.83  11.82  11.81  11.80  11.79  11.78  11.76  11.75
       11.74  11.72  11.70  11.67  11.65  11.63  11.61  11.59  11.58  11.56
       11.55  11.54  11.52  11.51  11.50  11.48  11.47  11.45  11.44  11.43
       11.42  11.41  11.39  11.39  11.38  11.37  11.36  11.35  11.33  11.32
       11.30  11.29  11.27  11.26  11.25  11.23  11.22  11.21  11.20  11.19
       11.17  11.16  11.15  11.14  11.13  11.13  11.12  11.11  11.11  11.10
       11.09  11.08  11.07  11.06  11.06  11.05  11.04  11.04  11.03  11.01
       11.00
  31   12.00  11.98  11.96  11.94  11.93  11.91  11.90  11.88  11.87  11.86
       11.85  11.84  11.83  11.82  11.81  11.80  11.79  11.78  11.76  11.75
       11.74  11.72  11.70  11.67  11.65  11.63  11.61  11.59  11.58  11.56
       11.55  11.53  11.52  11.51  11.50  11.48  11.47  11.45  11.44  11.43
       11.42  11.41  11.39  11.38  11.38  11.37  11.36  11.34  11.33  11.32
       11.30  11.28  11.27  11.26  11.24  11.23  11.22  11.21  11.20  11.19
       11.17  11.16  11.15  11.14  11.13  11.13  11.12  11.11  11.11  11.10
       11.09  11.08  11.07  11.06  11.06  11.05  11.05  11.04  11.03  11.01
       11.00
  32   12.00  11.98  11.96  11.94  11.93  11.91  11.90  11.89  11.87  11.86
       11.85  11.84  11.83  11.82  11.81  11.80  11.79  11.78  11.77  11.75
       11.74  11.72  11.70  11.67  11.65  11.63  11.61  11.59  11.58  11.56
       11.55  11.53  11.52  11.51  11.50  11.48  11.47  11.45  11.44  11.43
       11.42  11.41  11.39  11.38  11.38  11.37  11.36  11.34  11.33  11.31
       11.30  11.28  11.27  11.26  11.24  11.23  11.22  11.21  11.20  11.19
       11.17  11.16  11.15  11.14  11.13  11.13  11.12  11.11  11.11  11.10
       11.09  11.08  11.07  11.07  11.06  11.05  11.05  11.04  11.03  11.01
       11.00
  33   12.00  11.98  11.96  11.94  11.93  11.91  11.90  11.89  11.87  11.86
       11.85  11.84  11.83  11.82  11.81  11.80  11.79  11.78  11.77  11.75
       11.74  11.72  11.70  11.67  11.65  11.63  11.61  11.59  11.58  11.56
       11.55  11.53  11.52  11.51  11.50  11.48  11.47  11.45  11.44  11.43
       11.42  11.41  11.39  11.38  11.38  11.37  11.36  11.34  11.33  11.31
       11.30  11.28  11.27  11.25  11.24  11.23  11.22  11.21  11.20  11.18
       11.17  11.16  11.15  11.14  11.13  11.13  11.12  11.11  11.11  11.10
       11.09  11.08  11.07  11.07  11.06  11.05  11.05  11.04  11.03  11.01
       11.00
  34   12.00  11.98  11.96  11.94  11.93  11.91  11.90  11.89  11.87  11.86
       11.85  11.84  11.83  11.82  11.81  11.80  11.79  11.78  11.77  11.75
       11.74  11.72  11.70  11.67  11.65  11.63  11.61  11.59  11.58  11.56
       11.55  11.54  11.52  11.51  11.50  11.48  11.47  11.46  11.44  11.43
       11.42  11.41  11.39  11.38  11.38  11.37  11.36  11.34  11.33  11.31
       11.30  11.28  11.27  11.25  11.24  11.23  11.22  11.21  11.20  11.18
       11.17  11.16  11.15  11.14  11.13  11.13  11.12  11.12  11.11  11.10
       11.09  11.08  11.07  11.07  11.06  11.05  11.05  11.04  11.03  11.01
       11.00
  35   12.00  11.98  11.96  11.94  11.93  11.91  11.90  11.89  11.88  11.86
       11.85  11.84  11.83  11.82  11.81  11.80  11.79  11.78  11.77  11.75
       11.74  11.72  11.70  11.67  11.65  11.63  11.61  11.59  11.58  11.56
       11.55  11.54  11.52  11.51  11.50  11.48  11.47  11.46  11.44  11.43
       11.42  11.41  11.40  11.38  11.38  11.37  11.36  11.34  11.33  11.31
       11.30  11.28  11.27  11.25  11.24  11.23  11.22  11.21  11.20  11.18
       11.17  11.16  11.15  11.14  11.13  11.13  11.12  11.12  11.11  11.10
       11.09  11.08  11.08  11.07  11.06  11.05  11.05  11.04  11.03  11.01
       11.00
  36   12.00  11.98  11.96  11.94  11.93  11.91  11.90  11.89  11.88  11.86
       11.85  11.84  11.83  11.82  11.82  11.81  11.79  11.78  11.77  11.75
       11.74  11.72  11.70  11.67  11.65  11.63  11.61  11.59  11.58  11.56
       11.55  11.54  11.52  11.51  11.50  11.48  11.47  11.46  11.44  11.43
       11.42  11.41  11.40  11.38  11.38  11.37  11.35  11.34  11.33  11.31
       11.29  11.28  11.26  11.25  11.24  11.23  11.22  11.20  11.19  11.18
       11.17  11.16  11.15  11.14  11.13  11.13  11.12  11.12  11.11  11.10
       11.09  11.09  11.08  11.07  11.06  11.06  11.05  11.04  11.03  11.01
       11.00
  37   12.00  11.98  11.96  11.94  11.93  11.92  11.90  11.89  11.88  11.87
       11.86  11.84  11.84  11.83  11.82  11.81  11.80  11.78  11.77  11.76
       11.74  11.72  11.70  11.68  11.65  11.63  11.61  11.60  11.58  11.56
       11.55  11.54  11.53  11.51  11.50  11.48  11.47  11.46  11.45  11.43
       11.42  11.41  11.40  11.38  11.37  11.36  11.35  11.34  11.32  11.31
       11.29  11.28  11.26  11.25  11.23  11.22  11.21  11.20  11.19  11.18
       11.17  11.16  11.15  11.14  11.13  11.13  11.12  11.12  11.11  11.10
       11.10  11.09  11.08  11.07  11.06  11.06  11.05  11.04  11.03  11.01
       11.00
  38   12.00  11.98  11.96  11.95  11.93  11.92  11.90  11.89  11.88  11.87
       11.86  11.85  11.84  11.83  11.82  11.81  11.80  11.78  11.77  11.76
       11.74  11.72  11.70  11.68  11.65  11.63  11.61  11.60  11.58  11.56
       11.55  11.54  11.53  11.51  11.50  11.48  11.47  11.46  11.45  11.43
       11.42  11.41  11.40  11.38  11.37  11.36  11.35  11.34  11.32  11.31
       11.29  11.27  11.26  11.24  11.23  11.22  11.21  11.20  11.19  11.18
       11.17  11.16  11.15  11.14  11.13  11.13  11.12  11.12  11.11  11.10
       11.10  11.09  11.08  11.07  11.06  11.06  11.05  11.04  11.03  11.01
       11.00
  39   12.00  11.98  11.96  11.95  11.93  11.92  11.90  11.89  11.88  11.87
       11.86  11.85  11.84  11.83  11.82  11.81  11.80  11.78  11.77  11.76
       11.74  11.72  11.70  11.68  11.65  11.63  11.61  11.60  11.58  11.56
       11.55  11.54  11.53  11.51  11.50  11.48  11.47  11.46  11.45  11.43
       11.42  11.41  11.40  11.38  11.37  11.36  11.35  11.34  11.32  11.31
       11.29  11.27  11.26  11.24  11.23  11.22  11.21  11.20  11.19  11.18
       11.17  11.16  11.15  11.14  11.13  11.13  11.12  11.12  11.11  11.10
       11.10  11.09  11.08  11.07  11.06  11.06  11.05  11.04  11.03  11.01
       11.00
  40   12.00  11.98  11.96  11.95  11.93  11.92  11.90  11.89  11.88  11.87
       11.86  11.85  11.84  11.83  11.82  11.81  11.80  11.78  11.77  11.76
       11.74  11.72  11.70  11.68  11.65  11.63  11.61  11.60  11.58  11.56
       11.55  11.54  11.53  11.51  11.50  11.49  11.47  11.46  11.45  11.43
       11.42  11.41  11.40  11.38  11.37  11.36  11.35  11.34  11.32  11.31
       11.29  11.27  11.26  11.24  11.23  11.22  11.21  11.20  11.19  11.18
       11.17  11.16  11.15  11.14  11.13  11.13  11.12  11.12  11.11  11.10
       11.10  11.09  11.08  11.07  11.06  11.06  11.05  11.04  11.03  11.01
       11.00
  41   12.00  11.98  11.96  11.95  11.93  11.92  11.90  11.89  11.88  11.87
       11.86  11.85  11.84  11.83  11.82  11.81  11.80  11.78  11.77  11.76
       11.74  11.72  11.70  11.68  11.65  11.63  11.61  11.60  11.58  11.57
       11.55  11.54  11.53  11.51  11.50  11.49  11.47  11.46  11.45  11.43
       11.42  11.41  11.40  11.38  11.37  11.36  11.35  11.34  11.32  11.30
       11.29  11.27  11.26  11.24  11.23  11.22  11.21  11.20  11.19  11.18
       11.17  11.16  11.15  11.14  11.13  11.13  11.12  11.12  11.11  11.10
       11.10  11.09  11.08  11.07  11.07  11.06  11.05  11.04  11.03  11.01
       11.00



          TIME SUMMARY AT END OF TIME STEP   1 IN STRESS PERIOD    1
                          TIME STEP LENGTH =    2.28571    
                        STRESS PERIOD TIME =    2.28571    
                     TOTAL SIMULATION TIME =    2.28571    
1
 
 SOLVING FOR HEAD 
     1 CALLS TO PCG ROUTINE FOR TIME STEP   2 IN STRESS PERIOD    1
     1 TOTAL ITERATIONS

 MAXIMUM HEAD CHANGE FOR EACH ITERATION (1 INDICATES THE FIRST INNER ITERATION):

    HEAD CHANGE    HEAD CHANGE    HEAD CHANGE    HEAD CHANGE    HEAD CHANGE 
   LAYER,ROW,COL  LAYER,ROW,COL  LAYER,ROW,COL  LAYER,ROW,COL  LAYER,ROW,COL
 ---------------------------------------------------------------------------
  1 -0.3159E-08
   (  1,  3, 22)

 MAXIMUM RESIDUAL FOR EACH ITERATION (1 INDICATES THE FIRST INNER ITERATION):

    RESIDUAL       RESIDUAL       RESIDUAL       RESIDUAL       RESIDUAL    
   LAYER,ROW,COL  LAYER,ROW,COL  LAYER,ROW,COL  LAYER,ROW,COL  LAYER,ROW,COL
 ---------------------------------------------------------------------------
  1 -0.4943E-07
   (  1, 40, 80)



 NO OUTPUT CONTROL FOR STRESS PERIOD    1   TIME STEP   2

 SAVING SATURATED THICKNESS AND FLOW TERMS ON UNIT  333 FOR MT3DMS
 BY THE LINK-MT3DMS PACKAGE V6.3 AT TIME STEP    2, STRESS PERIOD    1

 
 SOLVING FOR HEAD 
     1 CALLS TO PCG ROUTINE FOR TIME STEP   3 IN STRESS PERIOD    1
     1 TOTAL ITERATIONS

 MAXIMUM HEAD CHANGE FOR EACH ITERATION (1 INDICATES THE FIRST INNER ITERATION):

    HEAD CHANGE    HEAD CHANGE    HEAD CHANGE    HEAD CHANGE    HEAD CHANGE 
   LAYER,ROW,COL  LAYER,ROW,COL  LAYER,ROW,COL  LAYER,ROW,COL  LAYER,ROW,COL
 ---------------------------------------------------------------------------
  1  0.3690E-08
   (  1, 11, 35)

 MAXIMUM RESIDUAL FOR EACH ITERATION (1 INDICATES THE FIRST INNER ITERATION):

    RESIDUAL       RESIDUAL       RESIDUAL       RESIDUAL       RESIDUAL    
   LAYER,ROW,COL  LAYER,ROW,COL  LAYER,ROW,COL  LAYER,ROW,COL  LAYER,ROW,COL
 ---------------------------------------------------------------------------
  1 -0.4977E-07
   (  1, 40, 80)



 NO OUTPUT CONTROL FOR STRESS PERIOD    1   TIME STEP   3

 SAVING SATURATED THICKNESS AND FLOW TERMS ON UNIT  333 FOR MT3DMS
 BY THE LINK-MT3DMS PACKAGE V6.3 AT TIME STEP    3, STRESS PERIOD    1

1
  VOLUMETRIC BUDGET FOR ENTIRE MODEL AT END OF TIME STEP  3 IN STRESS PERIOD   1
  ------------------------------------------------------------------------------

     CUMULATIVE VOLUMES      L**3       RATES FOR THIS TIME STEP      L**3/T
     ------------------                 ------------------------

           IN:                                      IN:
           ---                                      ---
             STORAGE =           0.0000               STORAGE =           0.0000
       CONSTANT HEAD =          68.4086         CONSTANT HEAD =           4.2755

            TOTAL IN =          68.4086              TOTAL IN =           4.2755

          OUT:                                     OUT:
          ----                                     ----
             STORAGE =           0.0000               STORAGE =           0.0000
       CONSTANT HEAD =          68.4086         CONSTANT HEAD =           4.2755

           TOTAL OUT =          68.4086             TOTAL OUT =           4.2755

            IN - OUT =           0.0000              IN - OUT =           0.0000

 PERCENT DISCREPANCY =           0.00     PERCENT DISCREPANCY =           0.00






          TIME SUMMARY AT END OF TIME STEP   3 IN STRESS PERIOD    1
                          TIME STEP LENGTH =    9.14286    
                        STRESS PERIOD TIME =    16.0000    
                     TOTAL SIMULATION TIME =    16.0000    
1
